Daily activity on Fri Sep 19 12:52:43 UTC 2025
Daily activity on Sat Sep 20 06:20:02 UTC 2025
Daily activity on Sun Sep 21 06:20:40 UTC 2025
Daily activity on Mon Sep 22 06:23:56 UTC 2025
Daily activity on Tue Sep 23 06:22:55 UTC 2025
Daily activity on Wed Sep 24 06:22:33 UTC 2025
Daily activity on Thu Sep 25 06:22:59 UTC 2025
Daily activity on Fri Sep 26 06:22:06 UTC 2025
Daily activity on Sat Sep 27 06:19:30 UTC 2025
Daily activity on Sun Sep 28 06:20:40 UTC 2025
Daily activity on Mon Sep 29 06:24:35 UTC 2025
Daily activity on Tue Sep 30 06:23:16 UTC 2025
Daily activity on Wed Oct  1 06:22:32 UTC 2025
Daily activity on Thu Oct  2 06:22:07 UTC 2025
Daily activity on Fri Oct  3 06:21:37 UTC 2025
Daily activity on Sat Oct  4 06:19:52 UTC 2025
Daily activity on Sun Oct  5 06:19:56 UTC 2025
Daily activity on Mon Oct  6 06:23:11 UTC 2025
Daily activity on Tue Oct  7 06:22:20 UTC 2025
Daily activity on Wed Oct  8 06:22:50 UTC 2025
Daily activity on Thu Oct  9 06:23:20 UTC 2025
Daily activity on Fri Oct 10 06:22:47 UTC 2025
Daily activity on Sat Oct 11 06:19:54 UTC 2025
Daily activity on Sun Oct 12 06:19:54 UTC 2025
Daily activity on Mon Oct 13 06:24:29 UTC 2025
Daily activity on Tue Oct 14 06:23:25 UTC 2025
Daily activity on Wed Oct 15 06:23:03 UTC 2025
Daily activity on Thu Oct 16 06:23:01 UTC 2025
Daily activity on Fri Oct 17 06:22:21 UTC 2025
Daily activity on Sat Oct 18 06:20:35 UTC 2025
Daily activity on Sun Oct 19 06:21:30 UTC 2025
Daily activity on Mon Oct 20 06:24:03 UTC 2025
Daily activity on Tue Oct 21 06:23:28 UTC 2025
Daily activity on Wed Oct 22 06:24:07 UTC 2025
Daily activity on Thu Oct 23 06:23:08 UTC 2025
Daily activity on Fri Oct 24 06:22:09 UTC 2025
Daily activity on Sat Oct 25 06:20:29 UTC 2025
Daily activity on Sun Oct 26 06:21:03 UTC 2025
Daily activity on Mon Oct 27 06:26:15 UTC 2025
Daily activity on Tue Oct 28 06:24:39 UTC 2025
Daily activity on Wed Oct 29 06:24:43 UTC 2025
Daily activity on Thu Oct 30 06:23:00 UTC 2025
Daily activity on Fri Oct 31 06:23:30 UTC 2025
Daily activity on Sat Nov  1 06:20:46 UTC 2025
Daily activity on Sun Nov  2 06:22:05 UTC 2025
Daily activity on Mon Nov  3 06:24:53 UTC 2025
Daily activity on Tue Nov  4 06:24:10 UTC 2025
Daily activity on Wed Nov  5 06:23:49 UTC 2025
Daily activity on Thu Nov  6 06:24:03 UTC 2025
Daily activity on Fri Nov  7 06:23:45 UTC 2025
Daily activity on Sat Nov  8 06:21:03 UTC 2025
Daily activity on Sun Nov  9 06:21:25 UTC 2025
Daily activity on Mon Nov 10 06:26:28 UTC 2025
Daily activity on Tue Nov 11 06:24:16 UTC 2025
Daily activity on Wed Nov 12 06:24:22 UTC 2025
Daily activity on Thu Nov 13 06:24:44 UTC 2025
Daily activity on Fri Nov 14 06:24:03 UTC 2025
Daily activity on Sat Nov 15 06:21:56 UTC 2025
Daily activity on Sun Nov 16 06:22:33 UTC 2025
Daily activity on Mon Nov 17 06:25:19 UTC 2025
Daily activity on Tue Nov 18 06:24:11 UTC 2025
Daily activity on Wed Nov 19 06:24:09 UTC 2025
Daily activity on Thu Nov 20 06:23:29 UTC 2025
Daily activity on Fri Nov 21 06:24:57 UTC 2025
Daily activity on Sat Nov 22 06:21:02 UTC 2025
Daily activity on Sun Nov 23 06:22:29 UTC 2025
Daily activity on Mon Nov 24 06:25:25 UTC 2025
Daily activity on Tue Nov 25 06:25:33 UTC 2025
Daily activity on Wed Nov 26 06:25:06 UTC 2025
Daily activity on Thu Nov 27 06:25:31 UTC 2025
Daily activity on Fri Nov 28 06:25:25 UTC 2025
Daily activity on Sat Nov 29 06:22:42 UTC 2025
Daily activity on Sun Nov 30 06:23:36 UTC 2025
Daily activity on Mon Dec  1 06:27:33 UTC 2025
Daily activity on Tue Dec  2 06:26:25 UTC 2025
Daily activity on Wed Dec  3 06:26:14 UTC 2025
Daily activity on Thu Dec  4 06:26:08 UTC 2025
Daily activity on Fri Dec  5 06:25:42 UTC 2025
Daily activity on Sat Dec  6 06:22:33 UTC 2025
Daily activity on Sun Dec  7 06:22:19 UTC 2025
Daily activity on Mon Dec  8 06:28:22 UTC 2025
Daily activity on Tue Dec  9 06:26:31 UTC 2025
Daily activity on Wed Dec 10 06:26:55 UTC 2025
Daily activity on Thu Dec 11 06:27:37 UTC 2025
Daily activity on Fri Dec 12 06:27:00 UTC 2025
Daily activity on Sat Dec 13 06:23:43 UTC 2025
Daily activity on Sun Dec 14 06:23:42 UTC 2025
Daily activity on Mon Dec 15 06:28:52 UTC 2025
Daily activity on Tue Dec 16 06:27:15 UTC 2025
Daily activity on Wed Dec 17 06:26:42 UTC 2025
Daily activity on Thu Dec 18 06:26:36 UTC 2025
Daily activity on Fri Dec 19 06:26:02 UTC 2025
Daily activity on Sat Dec 20 06:25:06 UTC 2025
Daily activity on Sun Dec 21 06:24:30 UTC 2025
Daily activity on Mon Dec 22 06:28:23 UTC 2025
Daily activity on Tue Dec 23 06:27:21 UTC 2025
Daily activity on Wed Dec 24 06:27:18 UTC 2025
Daily activity on Thu Dec 25 06:26:49 UTC 2025
Daily activity on Fri Dec 26 06:26:23 UTC 2025
Daily activity on Sat Dec 27 06:24:36 UTC 2025
Daily activity on Sun Dec 28 06:25:15 UTC 2025
Daily activity on Mon Dec 29 06:29:02 UTC 2025
Daily activity on Tue Dec 30 06:26:48 UTC 2025
Daily activity on Wed Dec 31 06:27:05 UTC 2025
Daily activity on Thu Jan  1 06:27:06 UTC 2026
Daily activity on Fri Jan  2 06:27:14 UTC 2026
Daily activity on Sat Jan  3 06:25:24 UTC 2026
Daily activity on Sun Jan  4 06:25:26 UTC 2026
Daily activity on Mon Jan  5 06:32:52 UTC 2026
Daily activity on Tue Jan  6 06:27:44 UTC 2026
Daily activity on Wed Jan  7 06:27:20 UTC 2026
Daily activity on Thu Jan  8 06:28:06 UTC 2026
Daily activity on Fri Jan  9 06:27:22 UTC 2026
Daily activity on Sat Jan 10 06:24:44 UTC 2026
Daily activity on Sun Jan 11 06:26:14 UTC 2026
Daily activity on Mon Jan 12 06:30:23 UTC 2026
Daily activity on Tue Jan 13 06:27:55 UTC 2026
Daily activity on Wed Jan 14 06:28:08 UTC 2026
Daily activity on Thu Jan 15 06:27:45 UTC 2026
Daily activity on Fri Jan 16 06:28:06 UTC 2026
Daily activity on Sat Jan 17 06:24:50 UTC 2026
Daily activity on Sun Jan 18 06:25:42 UTC 2026
Daily activity on Mon Jan 19 06:32:07 UTC 2026
Daily activity on Tue Jan 20 06:29:56 UTC 2026
Daily activity on Wed Jan 21 06:30:27 UTC 2026
Daily activity on Thu Jan 22 06:28:43 UTC 2026
Daily activity on Fri Jan 23 06:28:28 UTC 2026
Daily activity on Sat Jan 24 06:25:48 UTC 2026
Daily activity on Sun Jan 25 06:26:07 UTC 2026
Daily activity on Mon Jan 26 06:30:55 UTC 2026
Daily activity on Tue Jan 27 06:28:55 UTC 2026
Daily activity on Wed Jan 28 06:30:06 UTC 2026
Daily activity on Thu Jan 29 06:40:31 UTC 2026
Daily activity on Fri Jan 30 06:41:46 UTC 2026
Daily activity on Sat Jan 31 06:32:57 UTC 2026
Daily activity on Sun Feb  1 06:43:01 UTC 2026
Daily activity on Mon Feb  2 06:57:49 UTC 2026
Daily activity on Tue Feb  3 06:43:54 UTC 2026
Daily activity on Wed Feb  4 06:43:46 UTC 2026
Daily activity on Thu Feb  5 06:53:15 UTC 2026
Daily activity on Fri Feb  6 06:47:33 UTC 2026
Daily activity on Sat Feb  7 06:36:04 UTC 2026
Daily activity on Sun Feb  8 06:43:04 UTC 2026
Daily activity on Mon Feb  9 06:59:11 UTC 2026
Daily activity on Tue Feb 10 06:58:25 UTC 2026
Daily activity on Wed Feb 11 06:55:48 UTC 2026
Daily activity on Thu Feb 12 06:56:51 UTC 2026
Daily activity on Fri Feb 13 06:54:30 UTC 2026
Daily activity on Sat Feb 14 06:38:31 UTC 2026
Daily activity on Sun Feb 15 06:44:51 UTC 2026
Daily activity on Mon Feb 16 06:57:52 UTC 2026
Daily activity on Tue Feb 17 06:53:35 UTC 2026
Daily activity on Wed Feb 18 06:56:29 UTC 2026
Daily activity on Thu Feb 19 06:55:10 UTC 2026
Daily activity on Fri Feb 20 06:50:15 UTC 2026
Daily activity on Sat Feb 21 06:36:01 UTC 2026
Daily activity on Sun Feb 22 06:41:05 UTC 2026
Daily activity on Mon Feb 23 06:58:56 UTC 2026
Daily activity on Tue Feb 24 06:55:03 UTC 2026
Daily activity on Wed Feb 25 06:57:12 UTC 2026
Daily activity on Thu Feb 26 06:54:40 UTC 2026
Daily activity on Fri Feb 27 06:46:28 UTC 2026
Daily activity on Sat Feb 28 06:31:51 UTC 2026
Daily activity on Sun Mar  1 06:39:45 UTC 2026
Daily activity on Mon Mar  2 06:51:48 UTC 2026
Daily activity on Tue Mar  3 06:43:30 UTC 2026
Daily activity on Wed Mar  4 06:40:36 UTC 2026
Daily activity on Thu Mar  5 06:43:58 UTC 2026
Daily activity on Fri Mar  6 06:41:21 UTC 2026
Daily activity on Sat Mar  7 06:33:58 UTC 2026
Daily activity on Sun Mar  8 06:36:47 UTC 2026
Daily activity on Mon Mar  9 06:56:01 UTC 2026
Daily activity on Tue Mar 10 06:41:59 UTC 2026
Daily activity on Wed Mar 11 06:45:45 UTC 2026
Daily activity on Thu Mar 12 06:48:42 UTC 2026
Daily activity on Fri Mar 13 06:45:21 UTC 2026
Daily activity on Sat Mar 14 06:39:45 UTC 2026
Daily activity on Sun Mar 15 06:51:04 UTC 2026
Daily activity on Mon Mar 16 07:10:24 UTC 2026
Daily activity on Tue Mar 17 06:58:44 UTC 2026
Daily activity on Wed Mar 18 06:56:29 UTC 2026
Daily activity on Thu Mar 19 06:52:52 UTC 2026
Daily activity on Fri Mar 20 06:49:05 UTC 2026
Daily activity on Sat Mar 21 06:36:58 UTC 2026
Daily activity on Sun Mar 22 06:43:48 UTC 2026
Daily activity on Mon Mar 23 07:04:13 UTC 2026
Daily activity on Tue Mar 24 06:58:36 UTC 2026
Daily activity on Wed Mar 25 06:56:57 UTC 2026
Daily activity on Thu Mar 26 07:01:54 UTC 2026
Daily activity on Fri Mar 27 07:00:45 UTC 2026
Daily activity on Sat Mar 28 06:53:05 UTC 2026
Daily activity on Sun Mar 29 06:57:37 UTC 2026
Daily activity on Mon Mar 30 07:20:55 UTC 2026
Daily activity on Tue Mar 31 07:06:40 UTC 2026
Daily activity on Wed Apr  1 07:14:15 UTC 2026
Daily activity on Thu Apr  2 07:06:20 UTC 2026
Daily activity on Fri Apr  3 07:01:51 UTC 2026
Daily activity on Sat Apr  4 06:54:49 UTC 2026
Daily activity on Sun Apr  5 06:59:54 UTC 2026
Daily activity on Mon Apr  6 07:23:25 UTC 2026
Daily activity on Tue Apr  7 07:09:41 UTC 2026
Daily activity on Wed Apr  8 07:11:33 UTC 2026
Daily activity on Thu Apr  9 07:15:41 UTC 2026
Daily activity on Fri Apr 10 07:20:58 UTC 2026
Daily activity on Sat Apr 11 06:55:58 UTC 2026
Daily activity on Sun Apr 12 07:08:10 UTC 2026
Daily activity on Mon Apr 13 07:56:11 UTC 2026
Daily activity on Tue Apr 14 07:24:15 UTC 2026
Daily activity on Wed Apr 15 07:24:29 UTC 2026
Daily activity on Thu Apr 16 07:25:31 UTC 2026
Daily activity on Fri Apr 17 07:26:07 UTC 2026
Daily activity on Sat Apr 18 07:01:06 UTC 2026
Daily activity on Sun Apr 19 07:12:46 UTC 2026
Daily activity on Mon Apr 20 07:59:15 UTC 2026
Daily activity on Tue Apr 21 07:28:21 UTC 2026
Daily activity on Wed Apr 22 07:26:09 UTC 2026
Daily activity on Thu Apr 23 07:44:05 UTC 2026
Daily activity on Fri Apr 24 07:55:21 UTC 2026
Daily activity on Sat Apr 25 07:07:38 UTC 2026
Daily activity on Sun Apr 26 07:22:09 UTC 2026
Daily activity on Mon Apr 27 08:13:45 UTC 2026
Daily activity on Tue Apr 28 08:17:24 UTC 2026
Daily activity on Wed Apr 29 08:08:56 UTC 2026
Daily activity on Thu Apr 30 08:12:06 UTC 2026
Daily activity on Fri May  1 08:06:18 UTC 2026
Daily activity on Sat May  2 07:25:46 UTC 2026
Daily activity on Sun May  3 07:55:57 UTC 2026
Daily activity on Mon May  4 08:23:52 UTC 2026
Daily activity on Tue May  5 08:01:55 UTC 2026
Daily activity on Wed May  6 08:19:27 UTC 2026
Daily activity on Thu May  7 08:27:21 UTC 2026
Daily activity on Fri May  8 07:23:10 UTC 2026
Daily activity on Sat May  9 07:49:55 UTC 2026
Daily activity on Sun May 10 08:02:32 UTC 2026
Daily activity on Mon May 11 09:32:08 UTC 2026
Daily activity on Tue May 12 08:33:00 UTC 2026
Daily activity on Wed May 13 08:38:37 UTC 2026
Daily activity on Thu May 14 08:32:02 UTC 2026
Daily activity on Fri May 15 08:43:15 UTC 2026
Daily activity on Sat May 16 07:57:54 UTC 2026
Daily activity on Sun May 17 08:14:56 UTC 2026
Daily activity on Mon May 18 09:52:51 UTC 2026
Daily activity on Tue May 19 09:34:51 UTC 2026
Daily activity on Wed May 20 08:58:51 UTC 2026
Daily activity on Thu May 21 09:31:38 UTC 2026
Daily activity on Fri May 22 08:54:21 UTC 2026
Daily activity on Sat May 23 08:11:57 UTC 2026
Daily activity on Sun May 24 08:23:27 UTC 2026
Daily activity on Mon May 25 09:56:33 UTC 2026
Daily activity on Tue May 26 09:43:13 UTC 2026
Daily activity on Wed May 27 09:37:00 UTC 2026
Daily activity on Thu May 28 09:53:50 UTC 2026
Daily activity on Fri May 29 09:44:09 UTC 2026
Daily activity on Sat May 30 08:22:44 UTC 2026
Daily activity on Sun May 31 08:39:01 UTC 2026
Daily activity on Mon Jun  1 11:22:56 UTC 2026
Daily activity on Tue Jun  2 10:13:47 UTC 2026
Daily activity on Wed Jun  3 10:50:06 UTC 2026
Daily activity on Thu Jun  4 09:49:47 UTC 2026
Daily activity on Fri Jun  5 09:37:49 UTC 2026
Daily activity on Sat Jun  6 08:28:28 UTC 2026
Daily activity on Sun Jun  7 08:49:34 UTC 2026
Daily activity on Mon Jun  8 10:27:53 UTC 2026
Daily activity on Tue Jun  9 09:33:28 UTC 2026
Daily activity on Wed Jun 10 09:49:59 UTC 2026
Daily activity on Thu Jun 11 10:15:17 UTC 2026
Daily activity on Fri Jun 12 10:02:57 UTC 2026
Daily activity on Sat Jun 13 08:51:47 UTC 2026
Daily activity on Sun Jun 14 09:26:12 UTC 2026
Daily activity on Mon Jun 15 11:54:25 UTC 2026
Daily activity on Tue Jun 16 11:02:25 UTC 2026
Daily activity on Wed Jun 17 10:46:40 UTC 2026
Daily activity on Thu Jun 18 10:13:39 UTC 2026
Daily activity on Fri Jun 19 10:18:44 UTC 2026
Daily activity on Sat Jun 20 08:47:40 UTC 2026
Daily activity on Sun Jun 21 09:42:34 UTC 2026
Daily activity on Mon Jun 22 11:44:25 UTC 2026
Daily activity on Tue Jun 23 09:30:12 UTC 2026
Daily activity on Wed Jun 24 08:58:35 UTC 2026
Daily activity on Thu Jun 25 08:53:13 UTC 2026
Daily activity on Fri Jun 26 08:56:32 UTC 2026
Daily activity on Sat Jun 27 08:30:19 UTC 2026
Daily activity on Sun Jun 28 08:45:16 UTC 2026
Daily activity on Mon Jun 29 10:47:08 UTC 2026
Daily activity on Tue Jun 30 09:25:19 UTC 2026
Daily activity on Wed Jul  1 09:37:28 UTC 2026
Daily activity on Thu Jul  2 08:48:36 UTC 2026
Daily activity on Fri Jul  3 08:55:11 UTC 2026
Daily activity on Sat Jul  4 08:30:03 UTC 2026
Daily activity on Sun Jul  5 08:46:18 UTC 2026
Daily activity on Mon Jul  6 10:08:39 UTC 2026
Daily activity on Tue Jul  7 09:32:55 UTC 2026
Daily activity on Wed Jul  8 08:19:23 UTC 2026
Daily activity on Thu Jul  9 09:39:43 UTC 2026
Daily activity on Fri Jul 10 09:26:02 UTC 2026
Daily activity on Sat Jul 11 07:47:00 UTC 2026
